<?xml version="1.0" encoding="UTF-8"?>
<!-- Generated by org.testng.reporters.JUnitReportReporter -->
<testsuite skipped="0" hostname="LAPTOP-EUBP25UQ" name="test.SearchProductTest" tests="3" failures="0" timestamp="2022-12-13T22:09:56 IST" time="4.219" errors="0">
  <testcase name="urlTest" time="0.020" classname="test.SearchProductTest"/>
  <system-out/>
  <testcase name="logoTest" time="0.092" classname="test.SearchProductTest"/>
  <system-out/>
  <testcase name="searchProduct" time="4.107" classname="test.SearchProductTest"/>
  <system-out/>
</testsuite> <!-- test.SearchProductTest -->
